Using pre-set license
Built from '2020.3/staging' branch; Version is '2020.3.0f1 (c7b5465681fb) revision 13088070'; Using compiler version '192528614'; Build Type 'Release'
OS: 'Windows 10 Home; OS build 19041.867; Version 2004; 64bit' Language: 'en' Physical Memory: 15970 MB
BatchMode: 1, IsHumanControllingUs: 0, StartBugReporterOnCrash: 0, Is64bit: 1, IsPro: 0

 COMMAND LINE ARGUMENTS:
C:\Program Files\Unity\Hub\Editor\2020.3.0f1\Editor\Unity.exe
-adb2
-batchMode
-noUpm
-name
AssetImportWorker0
-projectPath
C:/Users/aceha/Documents/GitHub/HappierMeal/LucidBeta
-logFile
Logs/AssetImportWorker0.log
-srvPort
51812
Successfully changed project path to: C:/Users/aceha/Documents/GitHub/HappierMeal/LucidBeta
C:/Users/aceha/Documents/GitHub/HappierMeal/LucidBeta
Using Asset Import Pipeline V2.
Refreshing native plugins compatible for Editor in 45.16 ms, found 1 plugins.
Preloading 0 native plugins for Editor in 0.00 ms.
Initialize engine version: 2020.3.0f1 (c7b5465681fb)
[Subsystems] Discovering subsystems at path C:/Program Files/Unity/Hub/Editor/2020.3.0f1/Editor/Data/Resources/UnitySubsystems
[Subsystems] Discovering subsystems at path C:/Users/aceha/Documents/GitHub/HappierMeal/LucidBeta/Assets
GfxDevice: creating device client; threaded=0
Direct3D:
    Version:  Direct3D 11.0 [level 11.1]
    Renderer: Intel(R) Iris(R) Plus Graphics (ID=0x8a52)
    Vendor:   
    VRAM:     7985 MB
    Driver:   27.20.100.8681
Initialize mono
Mono path[0] = 'C:/Program Files/Unity/Hub/Editor/2020.3.0f1/Editor/Data/Managed'
Mono path[1] = 'C:/Program Files/Unity/Hub/Editor/2020.3.0f1/Editor/Data/MonoBleedingEdge/lib/mono/unityjit'
Mono config path = 'C:/Program Files/Unity/Hub/Editor/2020.3.0f1/Editor/Data/MonoBleedingEdge/etc'
Using monoOptions --debugger-agent=transport=dt_socket,embedding=1,server=y,suspend=n,address=127.0.0.1:56072
Begin MonoManager ReloadAssembly
Registering precompiled unity dll's ...
Register platform support module: C:/Program Files/Unity/Hub/Editor/2020.3.0f1/Editor/Data/PlaybackEngines/WindowsStandaloneSupport/UnityEditor.WindowsStandalone.Extensions.dll
Registered in 0.001611 seconds.
Native extension for WindowsStandalone target not found
Refreshing native plugins compatible for Editor in 42.09 ms, found 1 plugins.
Preloading 0 native plugins for Editor in 0.00 ms.
Invoked RoslynAnalysisRunner static constructor.
RoslynAnalysisRunner will not be running.
RoslynAnalysisRunner has terminated.
Mono: successfully reloaded assembly
- Completed reload, in  1.686 seconds
Platform modules already initialized, skipping
Registering precompiled user dll's ...
Registered in 0.000858 seconds.
Begin MonoManager ReloadAssembly
Native extension for WindowsStandalone target not found
Refreshing native plugins compatible for Editor in 41.36 ms, found 1 plugins.
Preloading 0 native plugins for Editor in 0.00 ms.
Invoked RoslynAnalysisRunner static constructor.
RoslynAnalysisRunner will not be running.
RoslynAnalysisRunner has terminated.
Mono: successfully reloaded assembly
- Completed reload, in  0.956 seconds
Platform modules already initialized, skipping
========================================================================
Worker process is ready to serve import requests
Launched and connected shader compiler UnityShaderCompiler.exe after 0.04 seconds
Refreshing native plugins compatible for Editor in 0.43 ms, found 1 plugins.
Preloading 0 native plugins for Editor in 0.00 ms.
Unloading 1970 Unused Serialized files (Serialized files now loaded: 0)
System memory in use before: 95.3 MB.
System memory in use after: 95.3 MB.

Unloading 19 unused Assets to reduce memory usage. Loaded Objects now: 2419.
Total: 2.877100 ms (FindLiveObjects: 0.358100 ms CreateObjectMapping: 0.174000 ms MarkObjects: 2.229400 ms  DeleteObjects: 0.113300 ms)

========================================================================
Received Import Request.
  path: Assets/Scripts/MusicManager.cs
  artifactKey: Guid(ac297abc3c0c242439a3008442849dd3) Importer(815301076,1909f56bfc062723c751e8b465ee728b)
Start importing Assets/Scripts/MusicManager.cs using Guid(ac297abc3c0c242439a3008442849dd3) Importer(815301076,1909f56bfc062723c751e8b465ee728b)  -> (artifact id: '6fbed20e5047c3d83e671e5f15322e7c') in 0.030921 seconds
  Import took 0.035333 seconds .

========================================================================
Received Import Request.
  Time since last request: 0.000332 seconds.
  path: Assets/Scripts/MainManager.cs
  artifactKey: Guid(0f7202d6f9317bb44af68ee93287bfff) Importer(815301076,1909f56bfc062723c751e8b465ee728b)
Start importing Assets/Scripts/MainManager.cs using Guid(0f7202d6f9317bb44af68ee93287bfff) Importer(815301076,1909f56bfc062723c751e8b465ee728b)  -> (artifact id: '910f59c285ba1d89cf49699e80543ff4') in 0.006047 seconds
  Import took 0.009768 seconds .

========================================================================
Received Prepare
Registering precompiled user dll's ...
Registered in 0.000814 seconds.
Begin MonoManager ReloadAssembly
Native extension for WindowsStandalone target not found
Refreshing native plugins compatible for Editor in 0.35 ms, found 1 plugins.
Preloading 0 native plugins for Editor in 0.00 ms.
Invoked RoslynAnalysisRunner static constructor.
RoslynAnalysisRunner will not be running.
RoslynAnalysisRunner has terminated.
Mono: successfully reloaded assembly
- Completed reload, in  0.785 seconds
Platform modules already initialized, skipping
Refreshing native plugins compatible for Editor in 0.43 ms, found 1 plugins.
Preloading 0 native plugins for Editor in 0.00 ms.
Unloading 1920 Unused Serialized files (Serialized files now loaded: 0)
System memory in use before: 91.7 MB.
System memory in use after: 91.8 MB.

Unloading 7 unused Assets to reduce memory usage. Loaded Objects now: 2423.
Total: 1.850600 ms (FindLiveObjects: 0.244100 ms CreateObjectMapping: 0.094900 ms MarkObjects: 1.489900 ms  DeleteObjects: 0.020400 ms)

========================================================================
Received Prepare
Registering precompiled user dll's ...
Registered in 0.000823 seconds.
Begin MonoManager ReloadAssembly
Native extension for WindowsStandalone target not found
Refreshing native plugins compatible for Editor in 0.35 ms, found 1 plugins.
Preloading 0 native plugins for Editor in 0.00 ms.
Invoked RoslynAnalysisRunner static constructor.
RoslynAnalysisRunner will not be running.
RoslynAnalysisRunner has terminated.
Mono: successfully reloaded assembly
- Completed reload, in  0.797 seconds
Platform modules already initialized, skipping
Refreshing native plugins compatible for Editor in 0.37 ms, found 1 plugins.
Preloading 0 native plugins for Editor in 0.00 ms.
Unloading 1920 Unused Serialized files (Serialized files now loaded: 0)
System memory in use before: 91.8 MB.
System memory in use after: 91.9 MB.

Unloading 7 unused Assets to reduce memory usage. Loaded Objects now: 2427.
Total: 2.243700 ms (FindLiveObjects: 0.185100 ms CreateObjectMapping: 0.079600 ms MarkObjects: 1.955400 ms  DeleteObjects: 0.021800 ms)

========================================================================
Received Prepare
Registering precompiled user dll's ...
Registered in 0.000881 seconds.
Begin MonoManager ReloadAssembly
Native extension for WindowsStandalone target not found
Refreshing native plugins compatible for Editor in 0.42 ms, found 1 plugins.
Preloading 0 native plugins for Editor in 0.00 ms.
Invoked RoslynAnalysisRunner static constructor.
RoslynAnalysisRunner will not be running.
RoslynAnalysisRunner has terminated.
Mono: successfully reloaded assembly
- Completed reload, in  0.809 seconds
Platform modules already initialized, skipping
Refreshing native plugins compatible for Editor in 0.57 ms, found 1 plugins.
Preloading 0 native plugins for Editor in 0.00 ms.
Unloading 1920 Unused Serialized files (Serialized files now loaded: 0)
System memory in use before: 91.8 MB.
System memory in use after: 91.9 MB.

Unloading 7 unused Assets to reduce memory usage. Loaded Objects now: 2431.
Total: 2.164900 ms (FindLiveObjects: 0.364900 ms CreateObjectMapping: 0.138400 ms MarkObjects: 1.639000 ms  DeleteObjects: 0.021700 ms)

========================================================================
Received Import Request.
  Time since last request: 520.353919 seconds.
  path: Assets/Scripts/MoneyGainMarker.cs
  artifactKey: Guid(032708e89d767954bbb654d854956fae) Importer(815301076,1909f56bfc062723c751e8b465ee728b)
Start importing Assets/Scripts/MoneyGainMarker.cs using Guid(032708e89d767954bbb654d854956fae) Importer(815301076,1909f56bfc062723c751e8b465ee728b)  -> (artifact id: '15b4453791b07e9b44ad68ed36a90345') in 0.010422 seconds
  Import took 0.019780 seconds .

========================================================================
Received Import Request.
  Time since last request: 3.803872 seconds.
  path: Assets/Scripts/UI_WakePanel.cs
  artifactKey: Guid(98469727ac241154799d46ed96dd2f29) Importer(815301076,1909f56bfc062723c751e8b465ee728b)
Start importing Assets/Scripts/UI_WakePanel.cs using Guid(98469727ac241154799d46ed96dd2f29) Importer(815301076,1909f56bfc062723c751e8b465ee728b)  -> (artifact id: 'faf5d130e8202ba9b2046f9d6a26191c') in 0.011762 seconds
  Import took 0.016845 seconds .

========================================================================
Received Import Request.
  Time since last request: 0.412904 seconds.
  path: Assets/Scripts/UI_UpgradesPanel.cs
  artifactKey: Guid(7d5f8acdc67892f4a9bf1b9bb835e60a) Importer(815301076,1909f56bfc062723c751e8b465ee728b)
Start importing Assets/Scripts/UI_UpgradesPanel.cs using Guid(7d5f8acdc67892f4a9bf1b9bb835e60a) Importer(815301076,1909f56bfc062723c751e8b465ee728b)  -> (artifact id: '12ddb2828571de003ff6cfb50a4d9799') in 0.013021 seconds
  Import took 0.016944 seconds .

========================================================================
Received Import Request.
  Time since last request: 2.636957 seconds.
  path: Assets/Scripts/UI_UpgradeButton.cs
  artifactKey: Guid(f501ff60a2421034eabc158a4241f8fb) Importer(815301076,1909f56bfc062723c751e8b465ee728b)
Start importing Assets/Scripts/UI_UpgradeButton.cs using Guid(f501ff60a2421034eabc158a4241f8fb) Importer(815301076,1909f56bfc062723c751e8b465ee728b)  -> (artifact id: 'fb40936b73796b958af346f63a1ab0a3') in 0.008695 seconds
  Import took 0.011738 seconds .

========================================================================
Received Prepare
Registering precompiled user dll's ...
Registered in 0.001259 seconds.
Begin MonoManager ReloadAssembly
Native extension for WindowsStandalone target not found
Refreshing native plugins compatible for Editor in 0.41 ms, found 1 plugins.
Preloading 0 native plugins for Editor in 0.00 ms.
Invoked RoslynAnalysisRunner static constructor.
RoslynAnalysisRunner will not be running.
RoslynAnalysisRunner has terminated.
Mono: successfully reloaded assembly
- Completed reload, in  0.811 seconds
Platform modules already initialized, skipping
Refreshing native plugins compatible for Editor in 0.40 ms, found 1 plugins.
Preloading 0 native plugins for Editor in 0.00 ms.
Unloading 1920 Unused Serialized files (Serialized files now loaded: 0)
System memory in use before: 91.8 MB.
System memory in use after: 91.9 MB.

Unloading 7 unused Assets to reduce memory usage. Loaded Objects now: 2435.
Total: 1.889600 ms (FindLiveObjects: 0.152500 ms CreateObjectMapping: 0.042500 ms MarkObjects: 1.671000 ms  DeleteObjects: 0.022700 ms)

========================================================================
Received Prepare
Registering precompiled user dll's ...
Registered in 0.000946 seconds.
Begin MonoManager ReloadAssembly
Native extension for WindowsStandalone target not found
Refreshing native plugins compatible for Editor in 0.34 ms, found 1 plugins.
Preloading 0 native plugins for Editor in 0.00 ms.
Invoked RoslynAnalysisRunner static constructor.
RoslynAnalysisRunner will not be running.
RoslynAnalysisRunner has terminated.
Mono: successfully reloaded assembly
- Completed reload, in  0.787 seconds
Platform modules already initialized, skipping
Refreshing native plugins compatible for Editor in 0.44 ms, found 1 plugins.
Preloading 0 native plugins for Editor in 0.00 ms.
Unloading 1920 Unused Serialized files (Serialized files now loaded: 0)
System memory in use before: 91.8 MB.
System memory in use after: 91.9 MB.

Unloading 7 unused Assets to reduce memory usage. Loaded Objects now: 2439.
Total: 1.752900 ms (FindLiveObjects: 0.142000 ms CreateObjectMapping: 0.054400 ms MarkObjects: 1.534100 ms  DeleteObjects: 0.021600 ms)

========================================================================
Received Prepare
Refreshing native plugins compatible for Editor in 2.29 ms, found 1 plugins.
Preloading 0 native plugins for Editor in 0.00 ms.
Unloading 5 Unused Serialized files (Serialized files now loaded: 0)
System memory in use before: 54.0 MB.
System memory in use after: 54.1 MB.

Unloading 5 unused Assets to reduce memory usage. Loaded Objects now: 2439.
Total: 1.841300 ms (FindLiveObjects: 0.236500 ms CreateObjectMapping: 0.070300 ms MarkObjects: 1.514100 ms  DeleteObjects: 0.018700 ms)

========================================================================
Received Prepare
Refreshing native plugins compatible for Editor in 1.34 ms, found 1 plugins.
Preloading 0 native plugins for Editor in 0.00 ms.
Unloading 5 Unused Serialized files (Serialized files now loaded: 0)
System memory in use before: 54.0 MB.
System memory in use after: 54.1 MB.

Unloading 5 unused Assets to reduce memory usage. Loaded Objects now: 2439.
Total: 3.231700 ms (FindLiveObjects: 0.197800 ms CreateObjectMapping: 0.158700 ms MarkObjects: 2.851100 ms  DeleteObjects: 0.022700 ms)

========================================================================
Received Prepare
Refreshing native plugins compatible for Editor in 1.47 ms, found 1 plugins.
Preloading 0 native plugins for Editor in 0.00 ms.
Unloading 5 Unused Serialized files (Serialized files now loaded: 0)
System memory in use before: 54.0 MB.
System memory in use after: 54.1 MB.

Unloading 5 unused Assets to reduce memory usage. Loaded Objects now: 2439.
Total: 2.227900 ms (FindLiveObjects: 0.283600 ms CreateObjectMapping: 0.106000 ms MarkObjects: 1.815600 ms  DeleteObjects: 0.020200 ms)

========================================================================
Received Import Request.
  Time since last request: 1214.672632 seconds.
  path: Assets/Scripts
  artifactKey: Guid(5cfacce54960fa842b306afc4584849a) Importer(815301076,1909f56bfc062723c751e8b465ee728b)
Start importing Assets/Scripts using Guid(5cfacce54960fa842b306afc4584849a) Importer(815301076,1909f56bfc062723c751e8b465ee728b)  -> (artifact id: '46887881b1a7dcf53f826548bfff8117') in 0.012766 seconds
  Import took 0.018745 seconds .

========================================================================
Received Import Request.
  Time since last request: 0.863988 seconds.
  path: Assets/Scripts/Building.cs
  artifactKey: Guid(5d0213685191a324a853ef26ee3ae127) Importer(815301076,1909f56bfc062723c751e8b465ee728b)
Start importing Assets/Scripts/Building.cs using Guid(5d0213685191a324a853ef26ee3ae127) Importer(815301076,1909f56bfc062723c751e8b465ee728b)  -> (artifact id: '2851d882bf2736d9c46fefe5be5d60ea') in 0.007292 seconds
  Import took 0.010589 seconds .

========================================================================
Received Import Request.
  Time since last request: 0.004194 seconds.
  path: Assets/Scripts/Building.cs
  artifactKey: Guid(5d0213685191a324a853ef26ee3ae127) Importer(815301076,1909f56bfc062723c751e8b465ee728b)
Start importing Assets/Scripts/Building.cs using Guid(5d0213685191a324a853ef26ee3ae127) Importer(815301076,1909f56bfc062723c751e8b465ee728b)  -> (artifact id: '2851d882bf2736d9c46fefe5be5d60ea') in 0.002303 seconds
  Import took 0.005702 seconds .

========================================================================
Received Prepare
Registering precompiled user dll's ...
Registered in 0.000839 seconds.
Begin MonoManager ReloadAssembly
Native extension for WindowsStandalone target not found
Refreshing native plugins compatible for Editor in 0.62 ms, found 1 plugins.
Preloading 0 native plugins for Editor in 0.00 ms.
Invoked RoslynAnalysisRunner static constructor.
RoslynAnalysisRunner will not be running.
RoslynAnalysisRunner has terminated.
Mono: successfully reloaded assembly
- Completed reload, in  0.794 seconds
Platform modules already initialized, skipping
Refreshing native plugins compatible for Editor in 0.41 ms, found 1 plugins.
Preloading 0 native plugins for Editor in 0.00 ms.
Unloading 1920 Unused Serialized files (Serialized files now loaded: 0)
System memory in use before: 91.8 MB.
System memory in use after: 91.9 MB.

Unloading 7 unused Assets to reduce memory usage. Loaded Objects now: 2443.
Total: 2.807600 ms (FindLiveObjects: 0.162900 ms CreateObjectMapping: 0.057100 ms MarkObjects: 2.558500 ms  DeleteObjects: 0.027700 ms)

========================================================================
Received Import Request.
  Time since last request: 27.183847 seconds.
  path: Assets/Scripts/Building.cs
  artifactKey: Guid(5d0213685191a324a853ef26ee3ae127) Importer(815301076,1909f56bfc062723c751e8b465ee728b)
Start importing Assets/Scripts/Building.cs using Guid(5d0213685191a324a853ef26ee3ae127) Importer(815301076,1909f56bfc062723c751e8b465ee728b)  -> (artifact id: 'f68d47810c1bda5d63661c499273e3b6') in 0.004851 seconds
  Import took 0.013477 seconds .

========================================================================
Received Prepare
Registering precompiled user dll's ...
Registered in 0.001305 seconds.
Begin MonoManager ReloadAssembly
Native extension for WindowsStandalone target not found
Refreshing native plugins compatible for Editor in 0.69 ms, found 1 plugins.
Preloading 0 native plugins for Editor in 0.00 ms.
Invoked RoslynAnalysisRunner static constructor.
RoslynAnalysisRunner will not be running.
RoslynAnalysisRunner has terminated.
Mono: successfully reloaded assembly
- Completed reload, in  1.532 seconds
Platform modules already initialized, skipping
Refreshing native plugins compatible for Editor in 1.18 ms, found 1 plugins.
Preloading 0 native plugins for Editor in 0.00 ms.
Unloading 1920 Unused Serialized files (Serialized files now loaded: 0)
System memory in use before: 91.8 MB.
System memory in use after: 92.0 MB.

Unloading 7 unused Assets to reduce memory usage. Loaded Objects now: 2447.
Total: 3.098200 ms (FindLiveObjects: 0.413800 ms CreateObjectMapping: 0.164700 ms MarkObjects: 2.472900 ms  DeleteObjects: 0.043800 ms)

========================================================================
Received Prepare
Registering precompiled user dll's ...
Registered in 0.000925 seconds.
Begin MonoManager ReloadAssembly
Native extension for WindowsStandalone target not found
Refreshing native plugins compatible for Editor in 0.41 ms, found 1 plugins.
Preloading 0 native plugins for Editor in 0.00 ms.
Invoked RoslynAnalysisRunner static constructor.
RoslynAnalysisRunner will not be running.
RoslynAnalysisRunner has terminated.
Mono: successfully reloaded assembly
- Completed reload, in  0.859 seconds
Platform modules already initialized, skipping
Refreshing native plugins compatible for Editor in 0.43 ms, found 1 plugins.
Preloading 0 native plugins for Editor in 0.00 ms.
Unloading 1920 Unused Serialized files (Serialized files now loaded: 0)
System memory in use before: 91.8 MB.
System memory in use after: 92.0 MB.

Unloading 7 unused Assets to reduce memory usage. Loaded Objects now: 2451.
Total: 2.026400 ms (FindLiveObjects: 0.156000 ms CreateObjectMapping: 0.057900 ms MarkObjects: 1.791200 ms  DeleteObjects: 0.020200 ms)

AssetImportWorkerClient::OnTransportError - code=2 error=End of file
